node.exe :  G¿» Failed to start server
At line:1 char:1
+ & "C:\Program Files\nodejs/node.exe" "C:\Program 
Files\nodejs/node_mo ...
+ ~~~~~~~~~~~~~~~~~~~~~~~~~~~~~~~~~~~~~~~~~~~~~~~~~~~
~~~~~~~~~~~~~~~~~~
    + CategoryInfo          : NotSpecified: ( G¿» Fa 
   iled to start server:String) [], RemoteException
    + FullyQualifiedErrorId : NativeCommandError
 
Error: listen EADDRINUSE: address already in use 
:::3001
    at <unknown> (Error: listen EADDRINUSE: address 
already in use :::3001)
    at new Promise (<anonymous>) {
  code: 'EADDRINUSE',
  errno: -4091,
  syscall: 'listen',
  address: '::',
  port: 3001
}
[?25h

